# JRE version: OpenJDK Runtime Environment (21.0+35) (build 21+35-2513)
# Java VM: OpenJDK 64-Bit Server VM (21+35-2513, mixed mode, sharing, tiered, compressed oops, compressed class ptrs, g1 gc, windows-amd64)
GC Precious Log:
 CardTable entry size: 512
 Card Set container configuration: InlinePtr #cards 5 size 8 Array Of Cards #cards 12 size 40 Howl #buckets 4 coarsen threshold 1843 Howl Bitmap #cards 512 size 80 coarsen threshold 460 Card regions per heap region 1 cards per card region 2048
 CPUs: 8 total, 8 available
 Memory: 7991M
 Large Page Support: Disabled
 NUMA Support: Disabled
 Compressed Oops: Enabled (32-bit)
 Heap Region Size: 1M
 Heap Min Capacity: 8M
 Heap Initial Capacity: 126M
 Heap Max Capacity: 1998M
 Pre-touch: Disabled
 Parallel Workers: 8
 Concurrent Workers: 2
 Concurrent Refinement Workers: 8
 Periodic GC: Disabled
Heap:
 garbage-first heap   total 137216K, used 122740K [0x0000000083200000, 0x0000000100000000)
  region size 1024K, 2 young (2048K), 1 survivors (1024K)
 Metaspace       used 8509K, committed 8832K, reserved 1114112K
  class space    used 860K, committed 1024K, reserved 1048576K
GC Heap History (10 events):
Event: 0.490 GC heap before
{Heap before GC invocations=0 (full 0):
 garbage-first heap   total 129024K, used 24576K [0x0000000083200000, 0x0000000100000000)
  region size 1024K, 23 young (23552K), 0 survivors (0K)
 Metaspace       used 7424K, committed 7680K, reserved 1114112K
  class space    used 771K, committed 896K, reserved 1048576K
}
Event: 0.493 GC heap after
{Heap after GC invocations=1 (full 0):
 garbage-first heap   total 129024K, used 9827K [0x0000000083200000, 0x0000000100000000)
  region size 1024K, 3 young (3072K), 3 survivors (3072K)
 Metaspace       used 7424K, committed 7680K, reserved 1114112K
  class space    used 771K, committed 896K, reserved 1048576K
}
Event: 0.723 GC heap before
{Heap before GC invocations=1 (full 0):
 garbage-first heap   total 129024K, used 60003K [0x0000000083200000, 0x0000000100000000)
  region size 1024K, 29 young (29696K), 3 survivors (3072K)
 Metaspace       used 7897K, committed 8256K, reserved 1114112K
  class space    used 812K, committed 960K, reserved 1048576K
}
Event: 0.726 GC heap after
{Heap after GC invocations=2 (full 0):
 garbage-first heap   total 129024K, used 46909K [0x0000000083200000, 0x0000000100000000)
  region size 1024K, 4 young (4096K), 4 survivors (4096K)
 Metaspace       used 7897K, committed 8256K, reserved 1114112K
  class space    used 812K, committed 960K, reserved 1048576K
}
Event: 0.788 GC heap before
{Heap before GC invocations=2 (full 0):
 garbage-first heap   total 129024K, used 59197K [0x0000000083200000, 0x0000000100000000)
  region size 1024K, 8 young (8192K), 4 survivors (4096K)
 Metaspace       used 7963K, committed 8320K, reserved 1114112K
  class space    used 813K, committed 960K, reserved 1048576K
}
Event: 0.789 GC heap after
{Heap after GC invocations=3 (full 0):
 garbage-first heap   total 129024K, used 59606K [0x0000000083200000, 0x0000000100000000)
  region size 1024K, 7 young (7168K), 7 survivors (7168K)
 Metaspace       used 7963K, committed 8320K, reserved 1114112K
  class space    used 813K, committed 960K, reserved 1048576K
}
Event: 0.963 GC heap before
{Heap before GC invocations=3 (full 0):
 garbage-first heap   total 129024K, used 128214K [0x0000000083200000, 0x0000000100000000)
  region size 1024K, 12 young (12288K), 7 survivors (7168K)
 Metaspace       used 8498K, committed 8832K, reserved 1114112K
  class space    used 859K, committed 1024K, reserved 1048576K
}
Event: 0.965 GC heap after
{Heap after GC invocations=4 (full 0):
 garbage-first heap   total 137216K, used 123992K [0x0000000083200000, 0x0000000100000000)
  region size 1024K, 4 young (4096K), 4 survivors (4096K)
 Metaspace       used 8498K, committed 8832K, reserved 1114112K
  class space    used 859K, committed 1024K, reserved 1048576K
}
Event: 0.969 GC heap before
{Heap before GC invocations=4 (full 0):
 garbage-first heap   total 137216K, used 126040K [0x0000000083200000, 0x0000000100000000)
  region size 1024K, 6 young (6144K), 4 survivors (4096K)
 Metaspace       used 8501K, committed 8832K, reserved 1114112K
  class space    used 859K, committed 1024K, reserved 1048576K
}
Event: 0.970 GC heap after
{Heap after GC invocations=5 (full 0):
 garbage-first heap   total 137216K, used 123764K [0x0000000083200000, 0x0000000100000000)
  region size 1024K, 1 young (1024K), 1 survivors (1024K)
 Metaspace       used 8501K, committed 8832K, reserved 1114112K
  class space    used 859K, committed 1024K, reserved 1048576K
}

